2025-08-20 20:01:38,496 - INFO - Enhanced classifier available
2025-08-20 20:01:38,497 - INFO - Loaded 255 domain categories
2025-08-20 20:01:38,497 - INFO - Domain Intelligence System integrated successfully
2025-08-20 20:01:38,497 - INFO - Using enhanced feature extractor and classifier
2025-08-20 20:01:38,497 - INFO - Initializing Network Behavior Parser...
2025-08-20 20:01:38,509 - INFO - Enhanced model loaded from behavior_model.pkl
2025-08-20 20:01:38,509 - INFO - Loaded existing model
2025-08-20 20:01:38,509 - INFO - Loading network logs from file...
2025-08-20 20:01:38,621 - INFO - Loaded 33259 network logs from networkLogs.json
2025-08-20 20:01:38,621 - INFO - Analyzing behavior...
2025-08-20 20:02:17,841 - INFO - Enhanced classifier available
2025-08-20 20:02:17,841 - INFO - Loaded 255 domain categories
2025-08-20 20:02:17,842 - INFO - Domain Intelligence System integrated successfully
2025-08-20 20:02:17,842 - INFO - Using enhanced feature extractor and classifier
2025-08-20 20:02:17,842 - INFO - Initializing Network Behavior Parser...
2025-08-20 20:02:17,854 - INFO - Enhanced model loaded from behavior_model.pkl
2025-08-20 20:02:17,854 - INFO - Loaded existing model
2025-08-20 20:02:17,854 - INFO - Loading network logs from file...
2025-08-20 20:02:17,968 - INFO - Loaded 33259 network logs from networkLogs.json
2025-08-20 20:02:17,968 - INFO - Analyzing behavior...
2025-08-20 20:02:40,806 - WARNING - Domain intelligence analysis failed: tuple indices must be integers or slices, not str
2025-08-20 20:03:27,365 - INFO - Prediction: entertainment (confidence: 0.360)
2025-08-20 20:03:27,369 - INFO - Results saved to behavior_results.json
2025-08-20 20:05:36,976 - INFO - Enhanced classifier available
2025-08-20 20:05:36,976 - INFO - Loaded 255 domain categories
2025-08-20 20:05:36,976 - INFO - Domain Intelligence System integrated successfully
2025-08-20 20:05:36,977 - INFO - Using enhanced feature extractor and classifier
2025-08-20 20:05:36,977 - INFO - Initializing Network Behavior Parser...
2025-08-20 20:05:36,987 - INFO - Enhanced model loaded from behavior_model.pkl
2025-08-20 20:05:36,987 - INFO - Loaded existing model
2025-08-20 20:05:36,987 - INFO - Loading network logs from file...
2025-08-20 20:05:37,101 - INFO - Loaded 33259 network logs from networkLogs.json
2025-08-20 20:05:37,102 - INFO - Analyzing behavior...
2025-08-20 20:05:37,378 - INFO - Prediction: mixed (confidence: 0.315)
2025-08-20 20:05:37,379 - INFO - Results saved to behavior_results.json
2025-08-20 20:05:43,955 - INFO - Enhanced classifier available
2025-08-20 20:05:43,956 - INFO - Loaded 255 domain categories
2025-08-20 20:05:43,956 - INFO - Domain Intelligence System integrated successfully
2025-08-20 20:05:43,956 - INFO - Using enhanced feature extractor and classifier
2025-08-20 20:05:43,956 - INFO - Initializing Network Behavior Parser...
2025-08-20 20:05:43,967 - INFO - Enhanced model loaded from behavior_model.pkl
2025-08-20 20:05:43,967 - INFO - Loaded existing model
2025-08-20 20:05:43,967 - INFO - Loading network logs from file...
2025-08-20 20:05:44,085 - INFO - Loaded 33259 network logs from networkLogs.json
2025-08-20 20:05:44,085 - INFO - Analyzing behavior...
2025-08-20 20:05:44,374 - INFO - Prediction: mixed (confidence: 0.315)
2025-08-20 20:05:44,375 - INFO - Results saved to behavior_results.json
2025-08-20 20:08:05,665 - INFO - Enhanced classifier available
2025-08-20 20:08:05,666 - INFO - Loaded 255 domain categories
2025-08-20 20:08:05,666 - INFO - Domain Intelligence System integrated successfully
2025-08-20 20:08:05,666 - INFO - Using enhanced feature extractor and classifier
2025-08-20 20:08:05,666 - INFO - Initializing Network Behavior Parser...
2025-08-20 20:08:05,677 - INFO - Enhanced model loaded from behavior_model.pkl
2025-08-20 20:08:05,677 - INFO - Loaded existing model
2025-08-20 20:08:05,677 - INFO - Loading network logs from file...
2025-08-20 20:08:05,795 - INFO - Loaded 33259 network logs from networkLogs.json
2025-08-20 20:08:05,795 - INFO - Analyzing behavior...
2025-08-20 20:08:06,163 - INFO - Prediction: mixed (confidence: 0.310)
2025-08-20 20:08:06,164 - INFO - Results saved to behavior_results.json
2025-08-20 20:08:43,172 - INFO - Enhanced classifier available
2025-08-20 20:08:43,172 - INFO - Loaded 255 domain categories
2025-08-20 20:08:43,173 - INFO - Domain Intelligence System integrated successfully
2025-08-20 20:08:43,173 - INFO - Using enhanced feature extractor and classifier
2025-08-20 20:08:43,173 - INFO - Initializing Network Behavior Parser...
2025-08-20 20:08:43,184 - INFO - Enhanced model loaded from behavior_model.pkl
2025-08-20 20:08:43,184 - INFO - Loaded existing model
2025-08-20 20:08:43,184 - INFO - Loading network logs from file...
2025-08-20 20:08:43,302 - INFO - Loaded 33259 network logs from networkLogs.json
2025-08-20 20:08:43,302 - INFO - Analyzing behavior...
2025-08-20 20:08:43,760 - INFO - Prediction: entertainment (confidence: 0.529)
2025-08-20 20:08:43,760 - INFO - Results saved to behavior_results.json
2025-08-20 20:10:05,931 - INFO - Enhanced classifier available
2025-08-20 20:10:05,932 - INFO - Loaded 255 domain categories
2025-08-20 20:10:05,932 - INFO - Domain Intelligence System integrated successfully
2025-08-20 20:10:05,932 - INFO - Using enhanced feature extractor and classifier
2025-08-20 20:10:05,932 - INFO - Initializing Network Behavior Parser...
2025-08-20 20:10:05,943 - INFO - Enhanced model loaded from behavior_model.pkl
2025-08-20 20:10:05,943 - INFO - Loaded existing model
2025-08-20 20:10:05,943 - INFO - Loading network logs from file...
2025-08-20 20:10:06,056 - INFO - Loaded 33259 network logs from networkLogs.json
2025-08-20 20:10:06,056 - INFO - Analyzing behavior...
2025-08-20 20:10:06,496 - INFO - Prediction: entertainment (confidence: 0.529)
2025-08-20 20:10:06,497 - INFO - Results saved to behavior_results.json
2025-08-20 20:13:26,725 - INFO - Enhanced classifier available
2025-08-20 20:13:26,726 - INFO - Loaded 255 domain categories
2025-08-20 20:13:26,726 - INFO - Domain Intelligence System integrated successfully
2025-08-20 20:13:26,726 - INFO - Using enhanced feature extractor and classifier
2025-08-20 20:13:26,726 - INFO - Initializing Network Behavior Parser...
2025-08-20 20:13:26,737 - INFO - Enhanced model loaded from behavior_model.pkl
2025-08-20 20:13:26,737 - INFO - Loaded existing model
2025-08-20 20:13:26,737 - INFO - Loading network logs from file...
2025-08-20 20:13:26,738 - INFO - Loaded 112 network logs from networkLogs.json
2025-08-20 20:13:26,738 - INFO - Analyzing behavior...
2025-08-20 20:13:26,747 - INFO - Prediction: unethical (confidence: 0.687)
2025-08-20 20:13:26,748 - INFO - Results saved to behavior_results.json
